make[1]: Entering directory '/home/nkashya/lmbench-3.0-a9/results'

                 L M B E N C H  3 . 0   S U M M A R Y
                 ------------------------------------
		 (Alpha software, do not distribute)

Basic system parameters
------------------------------------------------------------------------------
Host                 OS Description              Mhz  tlb  cache  mem   scal
                                                     pages line   par   load
                                                           bytes  
--------- ------------- ----------------------- ---- ----- ----- ------ ----
vclv98-23 Linux 4.15.0-        x86_64-linux-gnu 1800                       1

Processor, Processes - times in microseconds - smaller is better
------------------------------------------------------------------------------
Host                 OS  Mhz null null      open slct sig  sig  fork exec sh  
                             call  I/O stat clos TCP  inst hndl proc proc proc
--------- ------------- ---- ---- ---- ---- ---- ---- ---- ---- ---- ---- ----
vclv98-23 Linux 4.15.0- 1800 0.50 0.81 1.68 3.97 10.7 0.65 1.95 439. 923. 2092

Basic integer operations - times in nanoseconds - smaller is better
-------------------------------------------------------------------
Host                 OS  intgr intgr  intgr  intgr  intgr  
                          bit   add    mul    div    mod   
--------- ------------- ------ ------ ------ ------ ------ 
vclv98-23 Linux 4.15.0- 0.5400 0.2700          12.5   12.0

Basic uint64 operations - times in nanoseconds - smaller is better
------------------------------------------------------------------
Host                 OS int64  int64  int64  int64  int64  
                         bit    add    mul    div    mod   
--------- ------------- ------ ------ ------ ------ ------ 
vclv98-23 Linux 4.15.0-  0.490                 25.6   23.2

Basic float operations - times in nanoseconds - smaller is better
-----------------------------------------------------------------
Host                 OS  float  float  float  float
                         add    mul    div    bogo
--------- ------------- ------ ------ ------ ------ 
vclv98-23 Linux 4.15.0- 1.5300 2.0400 7.2500 7.1400

Basic double operations - times in nanoseconds - smaller is better
------------------------------------------------------------------
Host                 OS  double double double double
                         add    mul    div    bogo
--------- ------------- ------  ------ ------ ------ 
vclv98-23 Linux 4.15.0- 1.3700 2.2700   11.4   11.2

Context switching - times in microseconds - smaller is better
-------------------------------------------------------------------------
Host                 OS  2p/0K 2p/16K 2p/64K 8p/16K 8p/64K 16p/16K 16p/64K
                         ctxsw  ctxsw  ctxsw ctxsw  ctxsw   ctxsw   ctxsw
--------- ------------- ------ ------ ------ ------ ------ ------- -------
vclv98-23 Linux 4.15.0-   13.8   15.1   15.1   16.8   21.0    19.9    19.6

*Local* Communication latencies in microseconds - smaller is better
---------------------------------------------------------------------
Host                 OS 2p/0K  Pipe AF     UDP  RPC/   TCP  RPC/ TCP
                        ctxsw       UNIX         UDP         TCP conn
--------- ------------- ----- ----- ---- ----- ----- ----- ----- ----
vclv98-23 Linux 4.15.0-  13.8  29.3 29.2  52.3        66.6        76.

*Remote* Communication latencies in microseconds - smaller is better
---------------------------------------------------------------------
Host                 OS   UDP  RPC/  TCP   RPC/ TCP
                               UDP         TCP  conn
--------- ------------- ----- ----- ----- ----- ----
vclv98-23 Linux 4.15.0-                             

File & VM system latencies in microseconds - smaller is better
-------------------------------------------------------------------------------
Host                 OS   0K File      10K File     Mmap    Prot   Page   100fd
                        Create Delete Create Delete Latency Fault  Fault  selct
--------- ------------- ------ ------ ------ ------ ------- ----- ------- -----
vclv98-23 Linux 4.15.0-   25.7   10.5   40.7   18.1   32.1K 1.425         2.299

*Local* Communication bandwidths in MB/s - bigger is better
-----------------------------------------------------------------------------
Host                OS  Pipe AF    TCP  File   Mmap  Bcopy  Bcopy  Mem   Mem
                             UNIX      reread reread (libc) (hand) read write
--------- ------------- ---- ---- ---- ------ ------ ------ ------ ---- -----
vclv98-23 Linux 4.15.0- 1612 4564 1601 3215.1 3540.6 3206.1 2490.4 3929 4863.

Memory latencies in nanoseconds - smaller is better
    (WARNING - may not be correct, check graphs)
------------------------------------------------------------------------------
Host                 OS   Mhz   L1 $   L2 $    Main mem    Rand mem    Guesses
--------- -------------   ---   ----   ----    --------    --------    -------
vclv98-23 Linux 4.15.0-  1800 1.8570 5.3350        38.1       154.3
make[1]: Leaving directory '/home/nkashya/lmbench-3.0-a9/results'
